[SuperLoraNode] Mouse event: pos=[334.6405094352731, 120.73750187622625], handler=onMouseDown
SuperLoraNode.ts:805 Node customWidgets: (3) ['0:SuperLoraHeaderWidget', '1:SuperLoraWidget', '2:SuperLoraWidget']
SuperLoraNode.ts:809 [SuperLoraNode] Starting currentY: 64
SuperLoraNode.ts:843 [SuperLoraNode] ✗ Click outside SuperLoraHeaderWidget bounds
SuperLoraNode.ts:825 [SuperLoraNode] ✓ Click within SuperLoraWidget bounds
SuperLoraNode.ts:829 [SuperLoraNode] Local position: [334.6405094352731, 16.737501876226247], widgetStartY=104
SuperLoraNode.ts:832 [SuperLoraNode] Calling SuperLoraWidget.onMouseDown()
SuperLoraNode.ts:42 [SuperLoraWidget] Click at: [334.6405094352731, 16.737501876226247], Handler: onDown
SuperLoraNode.ts:837 [SuperLoraNode] ✗ Handler returned false
SuperLoraNode.ts:843 [SuperLoraNode] ✗ Click outside SuperLoraWidget bounds
SuperLoraNode.ts:849 [SuperLoraNode] No widget handled the event
SuperLoraNode.ts:804 [SuperLoraNode] Mouse event: pos=[330.44050943527327, 122.83750187622627], handler=onMouseDown
SuperLoraNode.ts:805 Node customWidgets: (3) ['0:SuperLoraHeaderWidget', '1:SuperLoraWidget', '2:SuperLoraWidget']
SuperLoraNode.ts:809 [SuperLoraNode] Starting currentY: 64
SuperLoraNode.ts:843 [SuperLoraNode] ✗ Click outside SuperLoraHeaderWidget bounds
SuperLoraNode.ts:825 [SuperLoraNode] ✓ Click within SuperLoraWidget bounds
SuperLoraNode.ts:829 [SuperLoraNode] Local position: [330.44050943527327, 18.83750187622627], widgetStartY=104
SuperLoraNode.ts:832 [SuperLoraNode] Calling SuperLoraWidget.onMouseDown()
SuperLoraNode.ts:42 [SuperLoraWidget] Click at: [330.44050943527327, 18.83750187622627], Handler: onDown
SuperLoraNode.ts:837 [SuperLoraNode] ✗ Handler returned false
SuperLoraNode.ts:843 [SuperLoraNode] ✗ Click outside SuperLoraWidget bounds
SuperLoraNode.ts:849 [SuperLoraNode] No widget handled the event
SuperLoraNode.ts:804 [SuperLoraNode] Mouse event: pos=[326.240509435273, 125.33750187622627], handler=onMouseDown
SuperLoraNode.ts:805 Node customWidgets: (3) ['0:SuperLoraHeaderWidget', '1:SuperLoraWidget', '2:SuperLoraWidget']
SuperLoraNode.ts:809 [SuperLoraNode] Starting currentY: 64
SuperLoraNode.ts:843 [SuperLoraNode] ✗ Click outside SuperLoraHeaderWidget bounds
SuperLoraNode.ts:825 [SuperLoraNode] ✓ Click within SuperLoraWidget bounds
SuperLoraNode.ts:829 [SuperLoraNode] Local position: [326.240509435273, 21.33750187622627], widgetStartY=104
SuperLoraNode.ts:832 [SuperLoraNode] Calling SuperLoraWidget.onMouseDown()
SuperLoraNode.ts:42 [SuperLoraWidget] Click at: [326.240509435273, 21.33750187622627], Handler: onDown
SuperLoraNode.ts:837 [SuperLoraNode] ✗ Handler returned false
SuperLoraNode.ts:843 [SuperLoraNode] ✗ Click outside SuperLoraWidget bounds
SuperLoraNode.ts:849 [SuperLoraNode] No widget handled the event
SuperLoraNode.ts:804 [SuperLoraNode] Mouse event: pos=[326.1405094352731, 133.33750187622627], handler=onMouseDown
SuperLoraNode.ts:805 Node customWidgets: (3) ['0:SuperLoraHeaderWidget', '1:SuperLoraWidget', '2:SuperLoraWidget']
SuperLoraNode.ts:809 [SuperLoraNode] Starting currentY: 64
SuperLoraNode.ts:843 [SuperLoraNode] ✗ Click outside SuperLoraHeaderWidget bounds
SuperLoraNode.ts:825 [SuperLoraNode] ✓ Click within SuperLoraWidget bounds
SuperLoraNode.ts:829 [SuperLoraNode] Local position: [326.1405094352731, 29.33750187622627], widgetStartY=104
SuperLoraNode.ts:832 [SuperLoraNode] Calling SuperLoraWidget.onMouseDown()
SuperLoraNode.ts:42 [SuperLoraWidget] Click at: [326.1405094352731, 29.33750187622627], Handler: onDown
SuperLoraNode.ts:837 [SuperLoraNode] ✗ Handler returned false
SuperLoraNode.ts:843 [SuperLoraNode] ✗ Click outside SuperLoraWidget bounds
SuperLoraNode.ts:849 [SuperLoraNode] No widget handled the event
SuperLoraNode.ts:804 [SuperLoraNode] Mouse event: pos=[334.240509435273, 132.33750187622627], handler=onMouseDown
SuperLoraNode.ts:805 Node customWidgets: (3) ['0:SuperLoraHeaderWidget', '1:SuperLoraWidget', '2:SuperLoraWidget']
SuperLoraNode.ts:809 [SuperLoraNode] Starting currentY: 64
SuperLoraNode.ts:843 [SuperLoraNode] ✗ Click outside SuperLoraHeaderWidget bounds
SuperLoraNode.ts:825 [SuperLoraNode] ✓ Click within SuperLoraWidget bounds
SuperLoraNode.ts:829 [SuperLoraNode] Local position: [334.240509435273, 28.33750187622627], widgetStartY=104
SuperLoraNode.ts:832 [SuperLoraNode] Calling SuperLoraWidget.onMouseDown()
SuperLoraNode.ts:42 [SuperLoraWidget] Click at: [334.240509435273, 28.33750187622627], Handler: onDown
SuperLoraNode.ts:837 [SuperLoraNode] ✗ Handler returned false
SuperLoraNode.ts:843 [SuperLoraNode] ✗ Click outside SuperLoraWidget bounds
SuperLoraNode.ts:849 [SuperLoraNode] No widget handled the event
SuperLoraNode.ts:804 [SuperLoraNode] Mouse event: pos=[334.5405094352732, 126.03750187622632], handler=onMouseDown
SuperLoraNode.ts:805 Node customWidgets: (3) ['0:SuperLoraHeaderWidget', '1:SuperLoraWidget', '2:SuperLoraWidget']
SuperLoraNode.ts:809 [SuperLoraNode] Starting currentY: 64
SuperLoraNode.ts:843 [SuperLoraNode] ✗ Click outside SuperLoraHeaderWidget bounds
SuperLoraNode.ts:825 [SuperLoraNode] ✓ Click within SuperLoraWidget bounds
SuperLoraNode.ts:829 [SuperLoraNode] Local position: [334.5405094352732, 22.037501876226315], widgetStartY=104
SuperLoraNode.ts:832 [SuperLoraNode] Calling SuperLoraWidget.onMouseDown()
SuperLoraNode.ts:42 [SuperLoraWidget] Click at: [334.5405094352732, 22.037501876226315], Handler: onDown
SuperLoraNode.ts:837 [SuperLoraNode] ✗ Handler returned false
SuperLoraNode.ts:843 [SuperLoraNode] ✗ Click outside SuperLoraWidget bounds
SuperLoraNode.ts:849 [SuperLoraNode] No widget handled the event
SuperLoraNode.ts:804 [SuperLoraNode] Mouse event: pos=[330.44050943527327, 122.53750187622632], handler=onMouseDown
SuperLoraNode.ts:805 Node customWidgets: (3) ['0:SuperLoraHeaderWidget', '1:SuperLoraWidget', '2:SuperLoraWidget']
SuperLoraNode.ts:809 [SuperLoraNode] Starting currentY: 64
SuperLoraNode.ts:843 [SuperLoraNode] ✗ Click outside SuperLoraHeaderWidget bounds
SuperLoraNode.ts:825 [SuperLoraNode] ✓ Click within SuperLoraWidget bounds
SuperLoraNode.ts:829 [SuperLoraNode] Local position: [330.44050943527327, 18.537501876226315], widgetStartY=104
SuperLoraNode.ts:832 [SuperLoraNode] Calling SuperLoraWidget.onMouseDown()
SuperLoraNode.ts:42 [SuperLoraWidget] Click at: [330.44050943527327, 18.537501876226315], Handler: onDown
SuperLoraNode.ts:837 [SuperLoraNode] ✗ Handler returned false
SuperLoraNode.ts:843 [SuperLoraNode] ✗ Click outside SuperLoraWidget bounds
SuperLoraNode.ts:849 [SuperLoraNode] No widget handled the event
SuperLoraNode.ts:804 [SuperLoraNode] Mouse event: pos=[328.34050943527336, 127.03750187622632], handler=onMouseDown
SuperLoraNode.ts:805 Node customWidgets: (3) ['0:SuperLoraHeaderWidget', '1:SuperLoraWidget', '2:SuperLoraWidget']
SuperLoraNode.ts:809 [SuperLoraNode] Starting currentY: 64
SuperLoraNode.ts:843 [SuperLoraNode] ✗ Click outside SuperLoraHeaderWidget bounds
SuperLoraNode.ts:825 [SuperLoraNode] ✓ Click within SuperLoraWidget bounds
SuperLoraNode.ts:829 [SuperLoraNode] Local position: [328.34050943527336, 23.037501876226315], widgetStartY=104
SuperLoraNode.ts:832 [SuperLoraNode] Calling SuperLoraWidget.onMouseDown()
SuperLoraNode.ts:42 [SuperLoraWidget] Click at: [328.34050943527336, 23.037501876226315], Handler: onDown
SuperLoraNode.ts:837 [SuperLoraNode] ✗ Handler returned false
SuperLoraNode.ts:843 [SuperLoraNode] ✗ Click outside SuperLoraWidget bounds
SuperLoraNode.ts:849 [SuperLoraNode] No widget handled the event
SuperLoraNode.ts:804 [SuperLoraNode] Mouse event: pos=[332.84050943527336, 127.43750187622629], handler=onMouseDown
SuperLoraNode.ts:805 Node customWidgets: (3) ['0:SuperLoraHeaderWidget', '1:SuperLoraWidget', '2:SuperLoraWidget']
SuperLoraNode.ts:809 [SuperLoraNode] Starting currentY: 64
SuperLoraNode.ts:843 [SuperLoraNode] ✗ Click outside SuperLoraHeaderWidget bounds
SuperLoraNode.ts:825 [SuperLoraNode] ✓ Click within SuperLoraWidget bounds
SuperLoraNode.ts:829 [SuperLoraNode] Local position: [332.84050943527336, 23.437501876226293], widgetStartY=104
SuperLoraNode.ts:832 [SuperLoraNode] Calling SuperLoraWidget.onMouseDown()
SuperLoraNode.ts:42 [SuperLoraWidget] Click at: [332.84050943527336, 23.437501876226293], Handler: onDown
SuperLoraNode.ts:837 [SuperLoraNode] ✗ Handler returned false
SuperLoraNode.ts:843 [SuperLoraNode] ✗ Click outside SuperLoraWidget bounds
SuperLoraNode.ts:849 [SuperLoraNode] No widget handled the event
SuperLoraNode.ts:804 [SuperLoraNode] Mouse event: pos=[332.84050943527336, 127.43750187622629], handler=onMouseDown
SuperLoraNode.ts:805 Node customWidgets: (3) ['0:SuperLoraHeaderWidget', '1:SuperLoraWidget', '2:SuperLoraWidget']
SuperLoraNode.ts:809 [SuperLoraNode] Starting currentY: 64
SuperLoraNode.ts:843 [SuperLoraNode] ✗ Click outside SuperLoraHeaderWidget bounds
SuperLoraNode.ts:825 [SuperLoraNode] ✓ Click within SuperLoraWidget bounds
SuperLoraNode.ts:829 [SuperLoraNode] Local position: [332.84050943527336, 23.437501876226293], widgetStartY=104
SuperLoraNode.ts:832 [SuperLoraNode] Calling SuperLoraWidget.onMouseDown()
SuperLoraNode.ts:42 [SuperLoraWidget] Click at: [332.84050943527336, 23.437501876226293], Handler: onDown
SuperLoraNode.ts:837 [SuperLoraNode] ✗ Handler returned false
SuperLoraNode.ts:843 [SuperLoraNode] ✗ Click outside SuperLoraWidget bounds
SuperLoraNode.ts:849 [SuperLoraNode] No widget handled the event
SuperLoraNode.ts:804 [SuperLoraNode] Mouse event: pos=[328.34050943527336, 127.13750187622634], handler=onMouseDown
SuperLoraNode.ts:805 Node customWidgets: (3) ['0:SuperLoraHeaderWidget', '1:SuperLoraWidget', '2:SuperLoraWidget']
SuperLoraNode.ts:809 [SuperLoraNode] Starting currentY: 64
SuperLoraNode.ts:843 [SuperLoraNode] ✗ Click outside SuperLoraHeaderWidget bounds
SuperLoraNode.ts:825 [SuperLoraNode] ✓ Click within SuperLoraWidget bounds
SuperLoraNode.ts:829 [SuperLoraNode] Local position: [328.34050943527336, 23.137501876226338], widgetStartY=104
SuperLoraNode.ts:832 [SuperLoraNode] Calling SuperLoraWidget.onMouseDown()
SuperLoraNode.ts:42 [SuperLoraWidget] Click at: [328.34050943527336, 23.137501876226338], Handler: onDown
SuperLoraNode.ts:837 [SuperLoraNode] ✗ Handler returned false
SuperLoraNode.ts:843 [SuperLoraNode] ✗ Click outside SuperLoraWidget bounds
SuperLoraNode.ts:849 [SuperLoraNode] No widget handled the event
SuperLoraNode.ts:804 [SuperLoraNode] Mouse event: pos=[331.740509435273, 123.63750187622634], handler=onMouseDown
SuperLoraNode.ts:805 Node customWidgets: (3) ['0:SuperLoraHeaderWidget', '1:SuperLoraWidget', '2:SuperLoraWidget']
SuperLoraNode.ts:809 [SuperLoraNode] Starting currentY: 64
SuperLoraNode.ts:843 [SuperLoraNode] ✗ Click outside SuperLoraHeaderWidget bounds
SuperLoraNode.ts:825 [SuperLoraNode] ✓ Click within SuperLoraWidget bounds
SuperLoraNode.ts:829 [SuperLoraNode] Local position: [331.740509435273, 19.637501876226338], widgetStartY=104
SuperLoraNode.ts:832 [SuperLoraNode] Calling SuperLoraWidget.onMouseDown()
SuperLoraNode.ts:42 [SuperLoraWidget] Click at: [331.740509435273, 19.637501876226338], Handler: onDown
SuperLoraNode.ts:837 [SuperLoraNode] ✗ Handler returned false
SuperLoraNode.ts:843 [SuperLoraNode] ✗ Click outside SuperLoraWidget bounds
SuperLoraNode.ts:849 [SuperLoraNode] No widget handled the event
SuperLoraNode.ts:804 [SuperLoraNode] Mouse event: pos=[334.5405094352732, 123.63750187622634], handler=onMouseDown
SuperLoraNode.ts:805 Node customWidgets: (3) ['0:SuperLoraHeaderWidget', '1:SuperLoraWidget', '2:SuperLoraWidget']
SuperLoraNode.ts:809 [SuperLoraNode] Starting currentY: 64
SuperLoraNode.ts:843 [SuperLoraNode] ✗ Click outside SuperLoraHeaderWidget bounds
SuperLoraNode.ts:825 [SuperLoraNode] ✓ Click within SuperLoraWidget bounds
SuperLoraNode.ts:829 [SuperLoraNode] Local position: [334.5405094352732, 19.637501876226338], widgetStartY=104
SuperLoraNode.ts:832 [SuperLoraNode] Calling SuperLoraWidget.onMouseDown()
SuperLoraNode.ts:42 [SuperLoraWidget] Click at: [334.5405094352732, 19.637501876226338], Handler: onDown
SuperLoraNode.ts:837 [SuperLoraNode] ✗ Handler returned false
SuperLoraNode.ts:843 [SuperLoraNode] ✗ Click outside SuperLoraWidget bounds
SuperLoraNode.ts:849 [SuperLoraNode] No widget handled the event
SuperLoraNode.ts:804 [SuperLoraNode] Mouse event: pos=[330.0405094352732, 124.63750187622634], handler=onMouseDown
SuperLoraNode.ts:805 Node customWidgets: (3) ['0:SuperLoraHeaderWidget', '1:SuperLoraWidget', '2:SuperLoraWidget']
SuperLoraNode.ts:809 [SuperLoraNode] Starting currentY: 64
SuperLoraNode.ts:843 [SuperLoraNode] ✗ Click outside SuperLoraHeaderWidget bounds
SuperLoraNode.ts:825 [SuperLoraNode] ✓ Click within SuperLoraWidget bounds
SuperLoraNode.ts:829 [SuperLoraNode] Local position: [330.0405094352732, 20.637501876226338], widgetStartY=104
SuperLoraNode.ts:832 [SuperLoraNode] Calling SuperLoraWidget.onMouseDown()
SuperLoraNode.ts:42 [SuperLoraWidget] Click at: [330.0405094352732, 20.637501876226338], Handler: onDown
SuperLoraNode.ts:837 [SuperLoraNode] ✗ Handler returned false
SuperLoraNode.ts:843 [SuperLoraNode] ✗ Click outside SuperLoraWidget bounds
SuperLoraNode.ts:849 [SuperLoraNode] No widget handled the event
SuperLoraNode.ts:804 [SuperLoraNode] Mouse event: pos=[330.04046060714836, 124.63748966919502], handler=onClick
SuperLoraNode.ts:805 Node customWidgets: (3) ['0:SuperLoraHeaderWidget', '1:SuperLoraWidget', '2:SuperLoraWidget']
SuperLoraNode.ts:809 [SuperLoraNode] Starting currentY: 64
SuperLoraNode.ts:843 [SuperLoraNode] ✗ Click outside SuperLoraHeaderWidget bounds
SuperLoraNode.ts:825 [SuperLoraNode] ✓ Click within SuperLoraWidget bounds
SuperLoraNode.ts:829 [SuperLoraNode] Local position: [330.04046060714836, 20.63748966919502], widgetStartY=104
SuperLoraNode.ts:832 [SuperLoraNode] Calling SuperLoraWidget.onClick()
SuperLoraNode.ts:42 [SuperLoraWidget] Click at: [330.04046060714836, 20.63748966919502], Handler: onClick
SuperLoraNode.ts:834 [SuperLoraNode] ✓ Handler returned true
SuperLoraNode.ts:804 [SuperLoraNode] Mouse event: pos=[325.8404606071481, 123.93748966919509], handler=onMouseDown
SuperLoraNode.ts:805 Node customWidgets: (3) ['0:SuperLoraHeaderWidget', '1:SuperLoraWidget', '2:SuperLoraWidget']
SuperLoraNode.ts:809 [SuperLoraNode] Starting currentY: 64
SuperLoraNode.ts:843 [SuperLoraNode] ✗ Click outside SuperLoraHeaderWidget bounds
SuperLoraNode.ts:825 [SuperLoraNode] ✓ Click within SuperLoraWidget bounds
SuperLoraNode.ts:829 [SuperLoraNode] Local position: [325.8404606071481, 19.937489669195088], widgetStartY=104
SuperLoraNode.ts:832 [SuperLoraNode] Calling SuperLoraWidget.onMouseDown()
SuperLoraNode.ts:42 [SuperLoraWidget] Click at: [325.8404606071481, 19.937489669195088], Handler: onDown
SuperLoraNode.ts:837 [SuperLoraNode] ✗ Handler returned false
SuperLoraNode.ts:843 [SuperLoraNode] ✗ Click outside SuperLoraWidget bounds
SuperLoraNode.ts:849 [SuperLoraNode] No widget handled the event
